#
# A fatal error has been detected by the Java Runtime Environment:
#
#  EXCEPTION_ACCESS_VIOLATION (0xc0000005) at pc=0x0000000066bcbd0d, pid=16316, tid=0x0000000000008bcc
#
# JRE version: Java(TM) SE Runtime Environment (8.0_101-b13) (build 1.8.0_101-b13)
# Java VM: Java HotSpot(TM) 64-Bit Server VM (25.101-b13 mixed mode windows-amd64 compressed oops)
# Problematic frame:
# C  [gdx-box2d64.dll+0xbd0d]
#
# Failed to write core dump. Minidumps are not enabled by default on client versions of Windows
#
# If you would like to submit a bug report, please visit:
#   http://bugreport.java.com/bugreport/crash.jsp
# The crash happened outside the Java Virtual Machine in native code.
# See problematic frame for where to report the bug.
#

---------------  T H R E A D  ---------------

Current thread (0x000000001ef7c000):  JavaThread "LWJGL Application" [_thread_in_native, id=35788, stack(0x0000000020460000,0x0000000020560000)]

siginfo: ExceptionCode=0xc0000005, reading address 0x00000002201de8a0

Registers:
RAX=0x00000002201de8a0, RBX=0x0000000020168500, RCX=0x00000000201684d0, RDX=0x00000000000000b8
RSP=0x000000002055e750, RBP=0x0000000000000006, RSI=0x00000000201684d0, RDI=0x000000002055e810
R8 =0x00000000201684d0, R9 =0x0000000000000002, R10=0x0000000000000001, R11=0x0000000000000001
R12=0x0000000000000000, R13=0x000000001c933ce8, R14=0x000000002055e9f8, R15=0x000000001ef7c000
RIP=0x0000000066bcbd0d, EFLAGS=0x0000000000010206

Top of Stack: (sp=0x000000002055e750)
0x000000002055e750:   000000001c933ce8 000000001ef7c000
0x000000002055e760:   00000000763b84d8 00000000207103e0
0x000000002055e770:   0000000000000012 00000000201684d0
0x000000002055e780:   0000000000200021 000000002055e810
0x000000002055e790:   000000002055e950 0000000000000000
0x000000002055e7a0:   000000001c933ce8 0000000066be2483
0x000000002055e7b0:   000000002055e850 000000002055e850
0x000000002055e7c0:   0000000000000003 000000001c933ce8
0x000000002055e7d0:   0000000000000001 0000000000200021
0x000000002055e7e0:   000000000329835d 0000000066be8616
0x000000002055e7f0:   0000000000000000 000000000329835d
0x000000002055e800:   000000002055e950 0000000003295798
0x000000002055e810:   c080000200000002 0000000041761998
0x000000002055e820:   0000000000000000 0000000000000000
0x000000002055e830:   0001010100000000 000000002055e901
0x000000002055e840:   0000000000000000 000000003f800000 

Instructions: (pc=0x0000000066bcbd0d)
0x0000000066bcbced:   48 8d 05 6c a3 05 00 0f b6 1c 18 80 fb 0d 0f b6
0x0000000066bcbcfd:   eb 77 21 48 8d 1c de 48 8b 43 10 48 85 c0 74 3a
0x0000000066bcbd0d:   48 8b 10 48 89 53 10 48 83 c4 28 5b 5e 5f 5d 41
0x0000000066bcbd1d:   5c 41 5d c3 48 8d 15 18 9e 04 00 48 8d 0d 99 9e 


Register to memory mapping:

RAX=0x00000002201de8a0 is an unknown value
RBX=0x0000000020168500 is an unknown value
RCX=0x00000000201684d0 is an unknown value
RDX=0x00000000000000b8 is an unknown value
RSP=0x000000002055e750 is pointing into the stack for thread: 0x000000001ef7c000
RBP=0x0000000000000006 is an unknown value
RSI=0x00000000201684d0 is an unknown value
RDI=0x000000002055e810 is pointing into the stack for thread: 0x000000001ef7c000
R8 =0x00000000201684d0 is an unknown value
R9 =0x0000000000000002 is an unknown value
R10=0x0000000000000001 is an unknown value
R11=0x0000000000000001 is an unknown value
R12=0x0000000000000000 is an unknown value
R13={method} {0x000000001c933cf0} 'jniCreateBody' '(JIFFFFFFFFZZZZZF)J' in 'com/badlogic/gdx/physics/box2d/World'
R14=0x000000002055e9f8 is pointing into the stack for thread: 0x000000001ef7c000
R15=0x000000001ef7c000 is a thread


Stack: [0x0000000020460000,0x0000000020560000],  sp=0x000000002055e750,  free space=1017k
Native frames: (J=compiled Java code, j=interpreted, Vv=VM code, C=native code)
C  [gdx-box2d64.dll+0xbd0d]
C  [gdx-box2d64.dll+0x22483]
C  [gdx-box2d64.dll+0x28616]
C  0x00000000032a7f54

Java frames: (J=compiled Java code, j=interpreted, Vv=VM code)
j  com.badlogic.gdx.physics.box2d.World.jniCreateBody(JIFFFFFFFFZZZZZF)J+0
j  com.badlogic.gdx.physics.box2d.World.createBody(Lcom/badlogic/gdx/physics/box2d/BodyDef;)Lcom/badlogic/gdx/physics/box2d/Body;+80
j  com.slime.labyrinth.play.entities.Box.<init>(Lcom/badlogic/gdx/physics/box2d/World;FFFFFF)V+141
j  com.slime.labyrinth.play.entities.Box.<init>(Lcom/badlogic/gdx/physics/box2d/World;FFFFF)V+12
j  com.slime.labyrinth.play.entities.LabyrinthRoom.createWall(ILjava/util/ArrayList;)V+43
j  com.slime.labyrinth.play.entities.LabyrinthRoom.createWallPattern(Ljava/util/ArrayList;FF)V+129
J 885 C1 com.slime.labyrinth.utils.LevelGenerator.generate(F)V (97 bytes) @ 0x00000000035b91ec [0x00000000035b8b60+0x68c]
J 837 C1 com.slime.labyrinth.screens.PlayScreen.render(F)V (259 bytes) @ 0x000000000359db24 [0x000000000359cf40+0xbe4]
J 946 C1 com.badlogic.gdx.Game.render()V (25 bytes) @ 0x00000000035f60a4 [0x00000000035f5ec0+0x1e4]
j  com.badlogic.gdx.backends.lwjgl.LwjglApplication.mainLoop()V+684
j  com.badlogic.gdx.backends.lwjgl.LwjglApplication$1.run()V+27
v  ~StubRoutines::call_stub

---------------  P R O C E S S  ---------------

Java Threads: ( => current thread )
  0x0000000020772000 JavaThread "LWJGL Timer" daemon [_thread_blocked, id=3720, stack(0x0000000026f70000,0x0000000027070000)]
  0x0000000003192800 JavaThread "DestroyJavaVM" [_thread_blocked, id=18692, stack(0x0000000003060000,0x0000000003160000)]
=>0x000000001ef7c000 JavaThread "LWJGL Application" [_thread_in_native, id=35788, stack(0x0000000020460000,0x0000000020560000)]
  0x000000001ed2b800 JavaThread "Service Thread" daemon [_thread_blocked, id=20072, stack(0x000000001f870000,0x000000001f970000)]
  0x000000001eca0800 JavaThread "C1 CompilerThread3" daemon [_thread_blocked, id=27500, stack(0x000000001f770000,0x000000001f870000)]
  0x000000001ec9e000 JavaThread "C2 CompilerThread2" daemon [_thread_blocked, id=20988, stack(0x000000001f670000,0x000000001f770000)]
  0x000000001ec99000 JavaThread "C2 CompilerThread1" daemon [_thread_blocked, id=36208, stack(0x000000001f570000,0x000000001f670000)]
  0x000000001ec8a000 JavaThread "C2 CompilerThread0" daemon [_thread_blocked, id=28916, stack(0x000000001f470000,0x000000001f570000)]
  0x000000001ec88800 JavaThread "Attach Listener" daemon [_thread_blocked, id=29020, stack(0x000000001f370000,0x000000001f470000)]
  0x000000001ec85000 JavaThread "Signal Dispatcher" daemon [_thread_blocked, id=36704, stack(0x000000001f270000,0x000000001f370000)]
  0x0000000003289800 JavaThread "Finalizer" daemon [_thread_blocked, id=22308, stack(0x000000001f060000,0x000000001f160000)]
  0x0000000003286000 JavaThread "Reference Handler" daemon [_thread_blocked, id=29636, stack(0x000000001eb60000,0x000000001ec60000)]

Other Threads:
  0x000000001cd89000 VMThread [stack: 0x000000001ea60000,0x000000001eb60000] [id=25312]
  0x000000001ed3e000 WatcherThread [stack: 0x000000001f970000,0x000000001fa70000] [id=12492]

VM state:not at safepoint (normal execution)

VM Mutex/Monitor currently owned by a thread: None

Heap:
 PSYoungGen      total 76288K, used 22491K [0x000000076af00000, 0x0000000770400000, 0x00000007c0000000)
  eden space 65536K, 34% used [0x000000076af00000,0x000000076c4f6d50,0x000000076ef00000)
  from space 10752K, 0% used [0x000000076f980000,0x000000076f980000,0x0000000770400000)
  to   space 10752K, 0% used [0x000000076ef00000,0x000000076ef00000,0x000000076f980000)
 ParOldGen       total 175104K, used 0K [0x00000006c0c00000, 0x00000006cb700000, 0x000000076af00000)
  object space 175104K, 0% used [0x00000006c0c00000,0x00000006c0c00000,0x00000006cb700000)
 Metaspace       used 8744K, capacity 8937K, committed 9216K, reserved 1056768K
  class space    used 873K, capacity 923K, committed 1024K, reserved 1048576K

Card table byte_map: [0x0000000012650000,0x0000000012e50000] byte_map_base: 0x000000000f04a000

Marking Bits: (ParMarkBitMap*) 0x000000007659a6d0
 Begin Bits: [0x0000000013bb0000, 0x0000000017b80000)
 End Bits:   [0x0000000017b80000, 0x000000001bb50000)

Polling page: 0x00000000014a0000

CodeCache: size=245760Kb used=3486Kb max_used=3495Kb free=242273Kb
 bounds [0x0000000003290000, 0x0000000003600000, 0x0000000012290000]
 total_blobs=1471 nmethods=953 adapters=431
 compilation: enabled

Compilation events (10 events):
Event: 10.894 Thread 0x000000001ec9e000  948       4       com.slime.labyrinth.play.entities.Box::move (50 bytes)
Event: 10.895 Thread 0x000000001ec9e000 nmethod 948 0x00000000035f6410 code [0x00000000035f6580, 0x00000000035f6738]
Event: 11.413 Thread 0x000000001eca0800  950       1       com.badlogic.gdx.graphics.g2d.Gdx2DPixmap::getWidth (5 bytes)
Event: 11.413 Thread 0x000000001eca0800 nmethod 950 0x00000000035f9450 code [0x00000000035f95a0, 0x00000000035f96b0]
Event: 11.413 Thread 0x000000001eca0800  951       1       com.badlogic.gdx.graphics.g2d.Gdx2DPixmap::getHeight (5 bytes)
Event: 11.413 Thread 0x000000001eca0800 nmethod 951 0x00000000035f9190 code [0x00000000035f92e0, 0x00000000035f93f0]
Event: 12.811 Thread 0x000000001ec8a000  952       4       com.badlogic.gdx.math.RandomXS128::nextLong (43 bytes)
Event: 12.811 Thread 0x000000001ec8a000 nmethod 952 0x00000000035f7a50 code [0x00000000035f7b80, 0x00000000035f7c18]
Event: 13.761 Thread 0x000000001eca0800  953       3       com.slime.labyrinth.play.entities.Box::move (50 bytes)
Event: 13.762 Thread 0x000000001eca0800 nmethod 953 0x00000000035f7210 code [0x00000000035f73a0, 0x00000000035f7838]

GC Heap History (0 events):
No events

Deoptimization events (1 events):
Event: 13.694 Thread 0x000000001ef7c000 Uncommon trap: reason=unstable_if action=reinterpret pc=0x00000000035f66a8 method=com.slime.labyrinth.play.entities.Box.move()V @ 26

Internal exceptions (10 events):
Event: 0.123 Thread 0x0000000003192800 Exception <a 'java/security/PrivilegedActionException'> (0x000000076b203ee8) thrown at [C:\re\workspace\8-2-build-windows-amd64-cygwin\jdk8u101\7261\hotspot\src\share\vm\prims\jvm.cpp, line 1386]
Event: 0.123 Thread 0x0000000003192800 Exception <a 'java/security/PrivilegedActionException'> (0x000000076b2040f8) thrown at [C:\re\workspace\8-2-build-windows-amd64-cygwin\jdk8u101\7261\hotspot\src\share\vm\prims\jvm.cpp, line 1386]
Event: 0.276 Thread 0x0000000003192800 Exception <a 'java/security/PrivilegedActionException'> (0x000000076b345338) thrown at [C:\re\workspace\8-2-build-windows-amd64-cygwin\jdk8u101\7261\hotspot\src\share\vm\prims\jvm.cpp, line 1386]
Event: 0.276 Thread 0x0000000003192800 Exception <a 'java/security/PrivilegedActionException'> (0x000000076b347010) thrown at [C:\re\workspace\8-2-build-windows-amd64-cygwin\jdk8u101\7261\hotspot\src\share\vm\prims\jvm.cpp, line 1386]
Event: 0.276 Thread 0x0000000003192800 Exception <a 'java/security/PrivilegedActionException'> (0x000000076b348180) thrown at [C:\re\workspace\8-2-build-windows-amd64-cygwin\jdk8u101\7261\hotspot\src\share\vm\prims\jvm.cpp, line 1386]
Event: 0.276 Thread 0x0000000003192800 Exception <a 'java/security/PrivilegedActionException'> (0x000000076b34d2e8) thrown at [C:\re\workspace\8-2-build-windows-amd64-cygwin\jdk8u101\7261\hotspot\src\share\vm\prims\jvm.cpp, line 1386]
Event: 0.276 Thread 0x0000000003192800 Exception <a 'java/security/PrivilegedActionException'> (0x000000076b34df40) thrown at [C:\re\workspace\8-2-build-windows-amd64-cygwin\jdk8u101\7261\hotspot\src\share\vm\prims\jvm.cpp, line 1386]
Event: 0.276 Thread 0x0000000003192800 Exception <a 'java/security/PrivilegedActionException'> (0x000000076b34eb68) thrown at [C:\re\workspace\8-2-build-windows-amd64-cygwin\jdk8u101\7261\hotspot\src\share\vm\prims\jvm.cpp, line 1386]
Event: 2.375 Thread 0x000000001ef7c000 Exception <a 'java/lang/NoSuchFieldError': method resolution failed> (0x000000076c1d54e0) thrown at [C:\re\workspace\8-2-build-windows-amd64-cygwin\jdk8u101\7261\hotspot\src\share\vm\prims\methodHandles.cpp, line 1146]
Event: 2.376 Thread 0x000000001ef7c000 Exception <a 'java/lang/NoSuchFieldError': method resolution failed> (0x000000076c1e27d0) thrown at [C:\re\workspace\8-2-build-windows-amd64-cygwin\jdk8u101\7261\hotspot\src\share\vm\prims\methodHandles.cpp, line 1146]

Events (10 events):
Event: 2.394 loading class com/badlogic/gdx/utils/Array$ArrayIterator done
Event: 2.394 loading class java/util/NoSuchElementException
Event: 2.394 loading class java/util/NoSuchElementException done
Event: 4.083 Executing VM operation: EnableBiasedLocking
Event: 4.083 Executing VM operation: EnableBiasedLocking done
Event: 5.740 loading class com/slime/labyrinth/play/entities/BountySlime
Event: 5.740 loading class com/slime/labyrinth/play/entities/BountySlime done
Event: 13.694 Thread 0x000000001ef7c000 Uncommon trap: trap_request=0xffffff65 fr.pc=0x00000000035f66a8
Event: 13.694 Thread 0x000000001ef7c000 DEOPT PACKING pc=0x00000000035f66a8 sp=0x000000002055ec90
Event: 13.694 Thread 0x000000001ef7c000 DEOPT UNPACKING pc=0x00000000032d582a sp=0x000000002055ec28 mode 2


Dynamic libraries:
0x00007ff7626e0000 - 0x00007ff762717000 	C:\Program Files\Java\jre1.8.0_101\bin\javaw.exe
0x00007ffbab770000 - 0x00007ffbab941000 	C:\WINDOWS\SYSTEM32\ntdll.dll
0x00007ffbab640000 - 0x00007ffbab6eb000 	C:\WINDOWS\System32\KERNEL32.DLL
0x00007ffba88f0000 - 0x00007ffba8b0d000 	C:\WINDOWS\System32\KERNELBASE.dll
0x00007ffba8f50000 - 0x00007ffba8ff2000 	C:\WINDOWS\System32\ADVAPI32.dll
0x00007ffbaa970000 - 0x00007ffbaaa0e000 	C:\WINDOWS\System32\msvcrt.dll
0x00007ffba8ea0000 - 0x00007ffba8ef9000 	C:\WINDOWS\System32\sechost.dll
0x00007ffba9110000 - 0x00007ffba9231000 	C:\WINDOWS\System32\RPCRT4.dll
0x00007ffbaaa10000 - 0x00007ffbaab75000 	C:\WINDOWS\System32\USER32.dll
0x00007ffba8c80000 - 0x00007ffba8c9e000 	C:\WINDOWS\System32\win32u.dll
0x00007ffba8f00000 - 0x00007ffba8f34000 	C:\WINDOWS\System32\GDI32.dll
0x00007ffba86b0000 - 0x00007ffba8832000 	C:\WINDOWS\System32\gdi32full.dll
0x00007ffb9fcf0000 - 0x00007ffb9ff69000 	C:\WINDOWS\WinSxS\amd64_microsoft.windows.common-controls_6595b64144ccf1df_6.0.14393.447_none_42191651c6827bb3\COMCTL32.dll
0x00007ffbab2e0000 - 0x00007ffbab5a7000 	C:\WINDOWS\System32\combase.dll
0x00007ffba8b80000 - 0x00007ffba8c75000 	C:\WINDOWS\System32\ucrtbase.dll
0x00007ffba8b10000 - 0x00007ffba8b7a000 	C:\WINDOWS\System32\bcryptPrimitives.dll
0x00007ffbaabe0000 - 0x00007ffbaac0e000 	C:\WINDOWS\System32\IMM32.DLL
0x00000000757b0000 - 0x0000000075882000 	C:\Program Files\Java\jre1.8.0_101\bin\msvcr100.dll
0x0000000075d80000 - 0x000000007661a000 	C:\Program Files\Java\jre1.8.0_101\bin\server\jvm.dll
0x00007ffbab5b0000 - 0x00007ffbab5b8000 	C:\WINDOWS\System32\PSAPI.DLL
0x00007ffba6060000 - 0x00007ffba6083000 	C:\WINDOWS\SYSTEM32\WINMM.dll
0x00007ffba4990000 - 0x00007ffba499a000 	C:\WINDOWS\SYSTEM32\VERSION.dll
0x00007ffba18a0000 - 0x00007ffba18a9000 	C:\WINDOWS\SYSTEM32\WSOCK32.dll
0x00007ffbab5d0000 - 0x00007ffbab63a000 	C:\WINDOWS\System32\WS2_32.dll
0x00007ffba6010000 - 0x00007ffba603b000 	C:\WINDOWS\SYSTEM32\WINMMBASE.dll
0x00007ffba8660000 - 0x00007ffba86a2000 	C:\WINDOWS\System32\cfgmgr32.dll
0x0000000075d70000 - 0x0000000075d7f000 	C:\Program Files\Java\jre1.8.0_101\bin\verify.dll
0x0000000075d40000 - 0x0000000075d69000 	C:\Program Files\Java\jre1.8.0_101\bin\java.dll
0x0000000075d20000 - 0x0000000075d36000 	C:\Program Files\Java\jre1.8.0_101\bin\zip.dll
0x00007ffba9240000 - 0x00007ffbaa749000 	C:\WINDOWS\System32\SHELL32.dll
0x00007ffba7e30000 - 0x00007ffba850a000 	C:\WINDOWS\System32\windows.storage.dll
0x00007ffba7bd0000 - 0x00007ffba7c1c000 	C:\WINDOWS\System32\powrprof.dll
0x00007ffbaab80000 - 0x00007ffbaabd2000 	C:\WINDOWS\System32\shlwapi.dll
0x00007ffba7c20000 - 0x00007ffba7c2f000 	C:\WINDOWS\System32\kernel.appcore.dll
0x00007ffba8840000 - 0x00007ffba88e9000 	C:\WINDOWS\System32\shcore.dll
0x00007ffba7c40000 - 0x00007ffba7c54000 	C:\WINDOWS\System32\profapi.dll
0x0000000065580000 - 0x0000000065616000 	C:\Users\Bertrand\AppData\Local\Temp\libgdxBertrand\d93d1616\gdx64.dll
0x00007ffba76a0000 - 0x00007ffba76b7000 	C:\WINDOWS\SYSTEM32\CRYPTSP.dll
0x00007ffba75b0000 - 0x00007ffba75e3000 	C:\WINDOWS\system32\rsaenh.dll
0x00007ffba7b10000 - 0x00007ffba7b3b000 	C:\WINDOWS\SYSTEM32\bcrypt.dll
0x00007ffba72b0000 - 0x00007ffba72cf000 	C:\WINDOWS\SYSTEM32\USERENV.dll
0x00007ffba76c0000 - 0x00007ffba76cb000 	C:\WINDOWS\SYSTEM32\CRYPTBASE.dll
0x00000000759a0000 - 0x00000000759ba000 	C:\Program Files\Java\jre1.8.0_101\bin\net.dll
0x00007ffba7430000 - 0x00007ffba748c000 	C:\WINDOWS\system32\mswsock.dll
0x00007ffba7160000 - 0x00007ffba7198000 	C:\WINDOWS\SYSTEM32\IPHLPAPI.DLL
0x00007ffba8f40000 - 0x00007ffba8f48000 	C:\WINDOWS\System32\NSI.dll
0x00007ffba3f90000 - 0x00007ffba3fa6000 	C:\WINDOWS\SYSTEM32\dhcpcsvc6.DLL
0x00007ffba4100000 - 0x00007ffba411a000 	C:\WINDOWS\SYSTEM32\dhcpcsvc.DLL
0x0000000075980000 - 0x0000000075991000 	C:\Program Files\Java\jre1.8.0_101\bin\nio.dll
0x0000000180000000 - 0x0000000180053000 	C:\Users\Bertrand\AppData\Local\Temp\libgdxBertrand\dc0f0009\lwjgl64.dll
0x00007ffb8bbe0000 - 0x00007ffb8bd03000 	C:\WINDOWS\SYSTEM32\OPENGL32.dll
0x00007ffb8bae0000 - 0x00007ffb8bbd7000 	C:\WINDOWS\SYSTEM32\DDRAW.dll
0x00007ffb8c9e0000 - 0x00007ffb8ca0d000 	C:\WINDOWS\SYSTEM32\GLU32.dll
0x00007ffba1da0000 - 0x00007ffba1da8000 	C:\WINDOWS\SYSTEM32\DCIMAN32.dll
0x000000001fdf0000 - 0x000000001fe54000 	C:\Users\Bertrand\AppData\Local\Temp\libgdxBertrand\dc0f0009\OpenAL64.dll
0x00007ffbaad70000 - 0x00007ffbaaea7000 	C:\WINDOWS\System32\ole32.dll
0x00007ffba6360000 - 0x00007ffba63f5000 	C:\WINDOWS\system32\uxtheme.dll
0x00007ffba9000000 - 0x00007ffba909f000 	C:\WINDOWS\System32\clbcatq.dll
0x00007ffba56d0000 - 0x00007ffba5855000 	C:\WINDOWS\System32\PROPSYS.dll
0x00007ffbaa750000 - 0x00007ffbaa80f000 	C:\WINDOWS\System32\OLEAUT32.dll
0x00007ffba85c0000 - 0x00007ffba865c000 	C:\WINDOWS\System32\msvcp_win.dll
0x00007ffb9f8a0000 - 0x00007ffb9f93b000 	C:\WINDOWS\SYSTEM32\dsound.dll
0x00007ffba07c0000 - 0x00007ffba0831000 	C:\WINDOWS\System32\MMDevApi.dll
0x00007ffba6810000 - 0x00007ffba6838000 	C:\WINDOWS\System32\DEVOBJ.dll
0x00007ffb90720000 - 0x00007ffb907b4000 	C:\WINDOWS\SYSTEM32\AUDIOSES.DLL
0x00007ffba52f0000 - 0x00007ffba5426000 	C:\WINDOWS\SYSTEM32\wintypes.dll
0x00007ffbaa810000 - 0x00007ffbaa96b000 	C:\WINDOWS\System32\MSCTF.dll
0x00007ffba58e0000 - 0x00007ffba5906000 	C:\WINDOWS\system32\dwmapi.dll
0x00000000738b0000 - 0x000000007571c000 	C:\WINDOWS\SYSTEM32\nvoglv64.DLL
0x00007ffbaaeb0000 - 0x00007ffbab2d9000 	C:\WINDOWS\System32\SETUPAPI.dll
0x00007ffba0620000 - 0x00007ffba07b2000 	C:\WINDOWS\SYSTEM32\dbghelp.dll
0x00007ffba56b0000 - 0x00007ffba56c3000 	C:\WINDOWS\SYSTEM32\WTSAPI32.dll
0x00007ffba8ca0000 - 0x00007ffba8cf5000 	C:\WINDOWS\System32\WINTRUST.dll
0x00007ffba7c30000 - 0x00007ffba7c40000 	C:\WINDOWS\System32\MSASN1.dll
0x00007ffba7c60000 - 0x00007ffba7e29000 	C:\WINDOWS\System32\CRYPT32.dll
0x00007ffba6f80000 - 0x00007ffba6fb2000 	C:\WINDOWS\SYSTEM32\ntmarta.dll
0x00007ffba45c0000 - 0x00007ffba4651000 	C:\WINDOWS\SYSTEM32\mscms.dll
0x00007ffb8c990000 - 0x00007ffb8c9d2000 	C:\WINDOWS\SYSTEM32\icm32.dll
0x00007ffba7240000 - 0x00007ffba7296000 	C:\WINDOWS\SYSTEM32\WINSTA.dll
0x0000000066bc0000 - 0x0000000066c7b000 	C:\Users\Bertrand\AppData\Local\Temp\libgdxBertrand\78ae3bb2\gdx-box2d64.dll

VM Arguments:
jvm_args: -Dfile.encoding=Cp1252 
java_command: com.slime.labyrinth.desktop.DesktopLauncher
java_class_path (initial): E:\DEV\workspace\SlimeLabyrinth\desktop\bin;C:\Users\Bertrand\.gradle\caches\modules-2\files-2.1\com.badlogicgames.gdx\gdx-backend-lwjgl\1.6.5\3b435f75bbc525be3d6aba5a2ae888a20e65c9ca\gdx-backend-lwjgl-1.6.5.jar;C:\Users\Bertrand\.gradle\caches\modules-2\files-2.1\com.badlogicgames.gdx\gdx-box2d-platform\1.6.5\57a4b297f467f98904fb210733bb0eb11576421f\gdx-box2d-platform-1.6.5-natives-desktop.jar;C:\Users\Bertrand\.gradle\caches\modules-2\files-2.1\com.badlogicgames.gdx\gdx-bullet-platform\1.6.5\5654125b7635b68efb1f49241caabc9a45add217\gdx-bullet-platform-1.6.5-natives-desktop.jar;C:\Users\Bertrand\.gradle\caches\modules-2\files-2.1\com.badlogicgames.gdx\gdx-bullet\1.6.5\eedc0a26b29434b7ed4e9fc6256dc86c4b2e1814\gdx-bullet-1.6.5.jar;C:\Users\Bertrand\.gradle\caches\modules-2\files-2.1\com.badlogicgames.gdx\gdx-platform\1.6.5\e36705dc77ff6d585be5f7c78f85fe94ea278d7a\gdx-platform-1.6.5-natives-desktop.jar;C:\Users\Bertrand\.gradle\caches\modules-2\files-2.1\com.badlogicgames.gdx\gdx\1.6.5\b56ebcc34d39c4bb0a828c5ed04f46a04314bb4d\gdx-1.6.5.jar;C:\Users\Bertrand\.gradle\caches\modules-2\files-2.1\com.badlogicgames.jlayer\jlayer\1.0.1-gdx\7cca83cec5c1b2f011362f4d85aabd71a73b049d\jlayer-1.0.1-gdx.jar;C:\Users\Bertrand\.gradle\caches\modules-2\files-2.1\net.java.jinput\jinput-platform\2.0.5\385ee093e01f587f30ee1c8a2ee7d408fd732e16\jinput-platform-2.0.5-natives-windows.jar;C:\Users\Bertrand\.gradle\caches\modules-2\files-2.1\net.java.jinput\jinput-platform\2.0.5\53f9c919f34d2ca9de8c51fc4e1e8282029a9232\jinput-platform-2.0.5-natives-osx.jar;C:\Users\Bertrand\.gradle\caches\modules-2\files-2.1\net.java.jinput\jinput-platform\2.0.5\7ff832a6eb9ab6a767f1ade2b548092d0fa64795\jinput-platform-2.0.5-natives-linux.jar;C:\Users\Bertrand\.gradle\caches\modules-2\files-2.1\net.java.jinput\jinput\2.0.5\39c7796b469a600f72380316f6b1f11db6c2c7c4\jinput-2.0.5.jar;C:\Users\Bertrand\.gradle\caches\modules-2\files-2.1\net.java.jutils\jutils\1.0.0\e12fe1fda814bd348c1579
Launcher Type: SUN_STANDARD

Environment Variables:
PATH=C:/Program Files/Java/jre1.8.0_101/bin/server;C:/Program Files/Java/jre1.8.0_101/bin;C:/Program Files/Java/jre1.8.0_101/lib/amd64;E:\DEV\android_SDK;C:\ProgramData\Oracle\Java\javapath;C:\Program Files (x86)\Intel\iCLS Client\;C:\Program Files\Intel\iCLS Client\;C:\Program Files (x86)\NVIDIA Corporation\PhysX\Common;C:\WINDOWS\system32;C:\WINDOWS;C:\WINDOWS\System32\Wbem;C:\WINDOWS\System32\WindowsPowerShell\v1.0\;C:\Program Files\Intel\WiFi\bin\;C:\Program Files\Common Files\Intel\WirelessCommon\;C:\Program Files\Intel\Intel(R) Management Engine Components\DAL;C:\Program Files\Intel\Intel(R) Management Engine Components\IPT;C:\Program Files (x86)\Intel\Intel(R) Management Engine Components\DAL;C:\Program Files (x86)\Intel\Intel(R) Management Engine Components\IPT;C:\Program Files (x86)\Skype\Phone\;C:\Program Files\Git\cmd;C:\Program Files\nodejs\;C:\Users\Bertrand\AppData\Local\atom\bin;C:\Users\Bertrand\AppData\Roaming\npm;%USERPROFILE%\AppData\Local\Microsoft\WindowsApps;;E:\DEV\eclipse-java-mars-R-win32-x86_64\eclipse;
USERNAME=Bertrand
OS=Windows_NT
PROCESSOR_IDENTIFIER=Intel64 Family 6 Model 60 Stepping 3, GenuineIntel



---------------  S Y S T E M  ---------------

OS: Windows 10.0 , 64 bit Build 14393 (10.0.14393.0)

CPU:total 8 (4 cores per cpu, 2 threads per core) family 6 model 60 stepping 3, cmov, cx8, fxsr, mmx, sse, sse2, sse3, ssse3, sse4.1, sse4.2, popcnt, avx, avx2, aes, clmul, erms, lzcnt, ht, tsc, tscinvbit, bmi1, bmi2

Memory: 4k page, physical 16725112k(11660696k free), swap 19215480k(12961440k free)

vm_info: Java HotSpot(TM) 64-Bit Server VM (25.101-b13) for windows-amd64 JRE (1.8.0_101-b13), built on Jun 22 2016 01:21:29 by "java_re" with MS VC++ 10.0 (VS2010)

time: Mon Nov 21 18:52:42 2016
elapsed time: 13 seconds (0d 0h 0m 13s)

