#
# A fatal error has been detected by the Java Runtime Environment:
#
#  EXCEPTION_ACCESS_VIOLATION (0xc0000005) at pc=0x0000000066bcbd0d, pid=35040, tid=0x00000000000031a8
#
# JRE version: Java(TM) SE Runtime Environment (8.0_101-b13) (build 1.8.0_101-b13)
# Java VM: Java HotSpot(TM) 64-Bit Server VM (25.101-b13 mixed mode windows-amd64 compressed oops)
# Problematic frame:
# C  [gdx-box2d64.dll+0xbd0d]
#
# Failed to write core dump. Minidumps are not enabled by default on client versions of Windows
#
# If you would like to submit a bug report, please visit:
#   http://bugreport.java.com/bugreport/crash.jsp
# The crash happened outside the Java Virtual Machine in native code.
# See problematic frame for where to report the bug.
#

---------------  T H R E A D  ---------------

Current thread (0x000000001f01a800):  JavaThread "LWJGL Application" [_thread_in_native, id=12712, stack(0x0000000020480000,0x0000000020580000)]

siginfo: ExceptionCode=0xc0000005, reading address 0x0000000220149a40

Registers:
RAX=0x0000000220149a40, RBX=0x0000000020108500, RCX=0x00000000201084d0, RDX=0x00000000000000b8
RSP=0x000000002057ee00, RBP=0x0000000000000006, RSI=0x00000000201084d0, RDI=0x000000002057eec0
R8 =0x00000000201084d0, R9 =0x0000000000000002, R10=0x0000000000000000, R11=0x0000000000000001
R12=0x0000000000000000, R13=0x000000001c9cfea0, R14=0x000000002057f0a8, R15=0x000000001f01a800
RIP=0x0000000066bcbd0d, EFLAGS=0x0000000000010202

Top of Stack: (sp=0x000000002057ee00)
0x000000002057ee00:   000000001c9cfea0 000000001f01a800
0x000000002057ee10:   00000000749b84d8 0000000020733950
0x000000002057ee20:   0000000000000012 00000000201084d0
0x000000002057ee30:   0000000000200021 000000002057eec0
0x000000002057ee40:   000000002057f000 0000000000000000
0x000000002057ee50:   000000001c9cfea0 0000000066be2483
0x000000002057ee60:   000000002057ef00 000000002057ef00
0x000000002057ee70:   0000000000000003 000000001c9cfea0
0x000000002057ee80:   0000000000000001 0000000000200021
0x000000002057ee90:   000000000337835d 0000000066be8616
0x000000002057eea0:   0000000000000000 000000000337835d
0x000000002057eeb0:   000000002057f000 0000000003375798
0x000000002057eec0:   3f581cf000000002 00000000416f60b5
0x000000002057eed0:   0000000000000000 0000000000000000
0x000000002057eee0:   0000010100000000 000000002057f001
0x000000002057eef0:   0000000000000000 000000003f800000 

Instructions: (pc=0x0000000066bcbd0d)
0x0000000066bcbced:   48 8d 05 6c a3 05 00 0f b6 1c 18 80 fb 0d 0f b6
0x0000000066bcbcfd:   eb 77 21 48 8d 1c de 48 8b 43 10 48 85 c0 74 3a
0x0000000066bcbd0d:   48 8b 10 48 89 53 10 48 83 c4 28 5b 5e 5f 5d 41
0x0000000066bcbd1d:   5c 41 5d c3 48 8d 15 18 9e 04 00 48 8d 0d 99 9e 


Register to memory mapping:

RAX=0x0000000220149a40 is an unknown value
RBX=0x0000000020108500 is an unknown value
RCX=0x00000000201084d0 is an unknown value
RDX=0x00000000000000b8 is an unknown value
RSP=0x000000002057ee00 is pointing into the stack for thread: 0x000000001f01a800
RBP=0x0000000000000006 is an unknown value
RSI=0x00000000201084d0 is an unknown value
RDI=0x000000002057eec0 is pointing into the stack for thread: 0x000000001f01a800
R8 =0x00000000201084d0 is an unknown value
R9 =0x0000000000000002 is an unknown value
R10=0x0000000000000000 is an unknown value
R11=0x0000000000000001 is an unknown value
R12=0x0000000000000000 is an unknown value
R13={method} {0x000000001c9cfea8} 'jniCreateBody' '(JIFFFFFFFFZZZZZF)J' in 'com/badlogic/gdx/physics/box2d/World'
R14=0x000000002057f0a8 is pointing into the stack for thread: 0x000000001f01a800
R15=0x000000001f01a800 is a thread


Stack: [0x0000000020480000,0x0000000020580000],  sp=0x000000002057ee00,  free space=1019k
Native frames: (J=compiled Java code, j=interpreted, Vv=VM code, C=native code)
C  [gdx-box2d64.dll+0xbd0d]
C  [gdx-box2d64.dll+0x22483]
C  [gdx-box2d64.dll+0x28616]
C  0x0000000003387f54

Java frames: (J=compiled Java code, j=interpreted, Vv=VM code)
j  com.badlogic.gdx.physics.box2d.World.jniCreateBody(JIFFFFFFFFZZZZZF)J+0
j  com.badlogic.gdx.physics.box2d.World.createBody(Lcom/badlogic/gdx/physics/box2d/BodyDef;)Lcom/badlogic/gdx/physics/box2d/Body;+80
j  com.slime.labyrinth.play.entities.AbstractSlime.<init>(Lcom/badlogic/gdx/physics/box2d/World;FFFI)V+90
j  com.slime.labyrinth.play.entities.BountySlime.<init>(Lcom/badlogic/gdx/physics/box2d/World;FFFIFFF)V+8
j  com.slime.labyrinth.utils.generator.DroppingSlimeGenerator.createBountySlime()V+69
j  com.slime.labyrinth.utils.generator.DroppingSlimeGenerator.generateSlime()V+33
j  com.slime.labyrinth.utils.generator.DroppingSlimeGenerator.generate()V+5
j  com.slime.labyrinth.screens.MenuScreen.render(F)V+119
j  com.badlogic.gdx.Game.render()V+19
j  com.badlogic.gdx.backends.lwjgl.LwjglApplication.mainLoop()V+684
j  com.badlogic.gdx.backends.lwjgl.LwjglApplication$1.run()V+27
v  ~StubRoutines::call_stub

---------------  P R O C E S S  ---------------

Java Threads: ( => current thread )
  0x0000000020d5e800 JavaThread "LWJGL Timer" daemon [_thread_blocked, id=21712, stack(0x0000000028150000,0x0000000028250000)]
  0x0000000003272800 JavaThread "DestroyJavaVM" [_thread_blocked, id=4328, stack(0x0000000003170000,0x0000000003270000)]
=>0x000000001f01a800 JavaThread "LWJGL Application" [_thread_in_native, id=12712, stack(0x0000000020480000,0x0000000020580000)]
  0x000000001edbf800 JavaThread "Service Thread" daemon [_thread_blocked, id=31556, stack(0x000000001f910000,0x000000001fa10000)]
  0x000000001ed40800 JavaThread "C1 CompilerThread3" daemon [_thread_blocked, id=24556, stack(0x000000001f810000,0x000000001f910000)]
  0x000000001ed32800 JavaThread "C2 CompilerThread2" daemon [_thread_blocked, id=19936, stack(0x000000001f710000,0x000000001f810000)]
  0x000000001ed2d800 JavaThread "C2 CompilerThread1" daemon [_thread_blocked, id=10564, stack(0x000000001f610000,0x000000001f710000)]
  0x000000001ed2a000 JavaThread "C2 CompilerThread0" daemon [_thread_blocked, id=35848, stack(0x000000001f510000,0x000000001f610000)]
  0x000000001ed28800 JavaThread "Attach Listener" daemon [_thread_blocked, id=17860, stack(0x000000001f410000,0x000000001f510000)]
  0x000000001ed25000 JavaThread "Signal Dispatcher" daemon [_thread_blocked, id=22740, stack(0x000000001f310000,0x000000001f410000)]
  0x0000000003369800 JavaThread "Finalizer" daemon [_thread_blocked, id=33052, stack(0x000000001f100000,0x000000001f200000)]
  0x0000000003366000 JavaThread "Reference Handler" daemon [_thread_blocked, id=12044, stack(0x000000001ec00000,0x000000001ed00000)]

Other Threads:
  0x000000001ce19000 VMThread [stack: 0x000000001eb00000,0x000000001ec00000] [id=23872]
  0x000000001ee02000 WatcherThread [stack: 0x000000001fa10000,0x000000001fb10000] [id=31148]

VM state:not at safepoint (normal execution)

VM Mutex/Monitor currently owned by a thread: None

Heap:
 PSYoungGen      total 76288K, used 21172K [0x000000076af00000, 0x0000000770400000, 0x00000007c0000000)
  eden space 65536K, 32% used [0x000000076af00000,0x000000076c3ad308,0x000000076ef00000)
  from space 10752K, 0% used [0x000000076f980000,0x000000076f980000,0x0000000770400000)
  to   space 10752K, 0% used [0x000000076ef00000,0x000000076ef00000,0x000000076f980000)
 ParOldGen       total 175104K, used 0K [0x00000006c0c00000, 0x00000006cb700000, 0x000000076af00000)
  object space 175104K, 0% used [0x00000006c0c00000,0x00000006c0c00000,0x00000006cb700000)
 Metaspace       used 7780K, capacity 8035K, committed 8320K, reserved 1056768K
  class space    used 762K, capacity 816K, committed 896K, reserved 1048576K

Card table byte_map: [0x0000000012730000,0x0000000012f30000] byte_map_base: 0x000000000f12a000

Marking Bits: (ParMarkBitMap*) 0x0000000074b9a6d0
 Begin Bits: [0x0000000013c90000, 0x0000000017c60000)
 End Bits:   [0x0000000017c60000, 0x000000001bc30000)

Polling page: 0x0000000001820000

CodeCache: size=245760Kb used=2743Kb max_used=2743Kb free=243016Kb
 bounds [0x0000000003370000, 0x0000000003620000, 0x0000000012370000]
 total_blobs=1147 nmethods=649 adapters=411
 compilation: enabled

Compilation events (10 events):
Event: 2.411 Thread 0x000000001ed40800  646       3       com.badlogic.gdx.utils.SnapshotArray::begin (27 bytes)
Event: 2.411 Thread 0x000000001ed40800 nmethod 646 0x000000000361a710 code [0x000000000361a880, 0x000000000361aa48]
Event: 2.411 Thread 0x000000001ed40800  645       1       com.badlogic.gdx.scenes.scene2d.ui.Button::isDisabled (5 bytes)
Event: 2.411 Thread 0x000000001ed40800 nmethod 645 0x000000000361aad0 code [0x000000000361ac20, 0x000000000361ad30]
Event: 2.411 Thread 0x000000001ed40800  647       1       com.badlogic.gdx.scenes.scene2d.Actor::getColor (5 bytes)
Event: 2.411 Thread 0x000000001ed40800 nmethod 647 0x000000000361ad90 code [0x000000000361aee0, 0x000000000361aff0]
Event: 2.426 Thread 0x000000001ed40800  648       3       com.badlogic.gdx.graphics.glutils.VertexBufferObjectWithVAO::bindAttributes (198 bytes)
Event: 2.428 Thread 0x000000001ed40800 nmethod 648 0x000000000361b050 code [0x000000000361b4a0, 0x000000000361d878]
Event: 2.428 Thread 0x000000001ed40800  649       1       com.slime.labyrinth.play.entities.Cloud::getBody (5 bytes)
Event: 2.428 Thread 0x000000001ed40800 nmethod 649 0x000000000361fa50 code [0x000000000361fba0, 0x000000000361fcb0]

GC Heap History (0 events):
No events

Deoptimization events (1 events):
Event: 1.236 Thread 0x000000001f01a800 Uncommon trap: reason=unstable_if action=reinterpret pc=0x0000000003575b7c method=java.lang.String.<init>([CII)V @ 18

Internal exceptions (10 events):
Event: 0.112 Thread 0x0000000003272800 Exception <a 'java/security/PrivilegedActionException'> (0x000000076b1ffe90) thrown at [C:\re\workspace\8-2-build-windows-amd64-cygwin\jdk8u101\7261\hotspot\src\share\vm\prims\jvm.cpp, line 1386]
Event: 0.112 Thread 0x0000000003272800 Exception <a 'java/security/PrivilegedActionException'> (0x000000076b2000a0) thrown at [C:\re\workspace\8-2-build-windows-amd64-cygwin\jdk8u101\7261\hotspot\src\share\vm\prims\jvm.cpp, line 1386]
Event: 0.112 Thread 0x0000000003272800 Exception <a 'java/security/PrivilegedActionException'> (0x000000076b203ce8) thrown at [C:\re\workspace\8-2-build-windows-amd64-cygwin\jdk8u101\7261\hotspot\src\share\vm\prims\jvm.cpp, line 1386]
Event: 0.112 Thread 0x0000000003272800 Exception <a 'java/security/PrivilegedActionException'> (0x000000076b203ef8) thrown at [C:\re\workspace\8-2-build-windows-amd64-cygwin\jdk8u101\7261\hotspot\src\share\vm\prims\jvm.cpp, line 1386]
Event: 0.258 Thread 0x0000000003272800 Exception <a 'java/security/PrivilegedActionException'> (0x000000076b3485c0) thrown at [C:\re\workspace\8-2-build-windows-amd64-cygwin\jdk8u101\7261\hotspot\src\share\vm\prims\jvm.cpp, line 1386]
Event: 0.258 Thread 0x0000000003272800 Exception <a 'java/security/PrivilegedActionException'> (0x000000076b34a298) thrown at [C:\re\workspace\8-2-build-windows-amd64-cygwin\jdk8u101\7261\hotspot\src\share\vm\prims\jvm.cpp, line 1386]
Event: 0.258 Thread 0x0000000003272800 Exception <a 'java/security/PrivilegedActionException'> (0x000000076b34b408) thrown at [C:\re\workspace\8-2-build-windows-amd64-cygwin\jdk8u101\7261\hotspot\src\share\vm\prims\jvm.cpp, line 1386]
Event: 0.258 Thread 0x0000000003272800 Exception <a 'java/security/PrivilegedActionException'> (0x000000076b350570) thrown at [C:\re\workspace\8-2-build-windows-amd64-cygwin\jdk8u101\7261\hotspot\src\share\vm\prims\jvm.cpp, line 1386]
Event: 0.258 Thread 0x0000000003272800 Exception <a 'java/security/PrivilegedActionException'> (0x000000076b3511c8) thrown at [C:\re\workspace\8-2-build-windows-amd64-cygwin\jdk8u101\7261\hotspot\src\share\vm\prims\jvm.cpp, line 1386]
Event: 0.258 Thread 0x0000000003272800 Exception <a 'java/security/PrivilegedActionException'> (0x000000076b351df0) thrown at [C:\re\workspace\8-2-build-windows-amd64-cygwin\jdk8u101\7261\hotspot\src\share\vm\prims\jvm.cpp, line 1386]

Events (10 events):
Event: 1.337 loading class org/lwjgl/opengl/StateTracker$VAOState done
Event: 1.338 loading class org/lwjgl/opengl/Sync
Event: 1.338 loading class org/lwjgl/opengl/Sync done
Event: 1.338 loading class org/lwjgl/opengl/Sync$RunningAvg
Event: 1.338 loading class org/lwjgl/opengl/Sync$RunningAvg done
Event: 1.339 loading class org/lwjgl/opengl/Sync$1
Event: 1.339 loading class org/lwjgl/opengl/Sync$1 done
Event: 1.339 Thread 0x0000000020d5e800 Thread added: 0x0000000020d5e800
Event: 2.078 Thread 0x000000001f01a800 DEOPT PACKING pc=0x0000000003600b7f sp=0x000000002057f2a0
Event: 2.078 Thread 0x000000001f01a800 DEOPT UNPACKING pc=0x00000000033b787f sp=0x000000002057f0b0 mode 0


Dynamic libraries:
0x00007ff695bf0000 - 0x00007ff695c27000 	C:\Program Files\Java\jre1.8.0_101\bin\javaw.exe
0x00007ffbab770000 - 0x00007ffbab941000 	C:\WINDOWS\SYSTEM32\ntdll.dll
0x00007ffbab640000 - 0x00007ffbab6eb000 	C:\WINDOWS\System32\KERNEL32.DLL
0x00007ffba88f0000 - 0x00007ffba8b0d000 	C:\WINDOWS\System32\KERNELBASE.dll
0x00007ffba8f50000 - 0x00007ffba8ff2000 	C:\WINDOWS\System32\ADVAPI32.dll
0x00007ffbaa970000 - 0x00007ffbaaa0e000 	C:\WINDOWS\System32\msvcrt.dll
0x00007ffba8ea0000 - 0x00007ffba8ef9000 	C:\WINDOWS\System32\sechost.dll
0x00007ffba9110000 - 0x00007ffba9231000 	C:\WINDOWS\System32\RPCRT4.dll
0x00007ffbaaa10000 - 0x00007ffbaab75000 	C:\WINDOWS\System32\USER32.dll
0x00007ffba8c80000 - 0x00007ffba8c9e000 	C:\WINDOWS\System32\win32u.dll
0x00007ffba8f00000 - 0x00007ffba8f34000 	C:\WINDOWS\System32\GDI32.dll
0x00007ffba86b0000 - 0x00007ffba8832000 	C:\WINDOWS\System32\gdi32full.dll
0x00007ffb9fcf0000 - 0x00007ffb9ff69000 	C:\WINDOWS\WinSxS\amd64_microsoft.windows.common-controls_6595b64144ccf1df_6.0.14393.447_none_42191651c6827bb3\COMCTL32.dll
0x00007ffbab2e0000 - 0x00007ffbab5a7000 	C:\WINDOWS\System32\combase.dll
0x00007ffba8b80000 - 0x00007ffba8c75000 	C:\WINDOWS\System32\ucrtbase.dll
0x00007ffba8b10000 - 0x00007ffba8b7a000 	C:\WINDOWS\System32\bcryptPrimitives.dll
0x00007ffbaabe0000 - 0x00007ffbaac0e000 	C:\WINDOWS\System32\IMM32.DLL
0x00000000761e0000 - 0x00000000762b2000 	C:\Program Files\Java\jre1.8.0_101\bin\msvcr100.dll
0x0000000074380000 - 0x0000000074c1a000 	C:\Program Files\Java\jre1.8.0_101\bin\server\jvm.dll
0x00007ffbab5b0000 - 0x00007ffbab5b8000 	C:\WINDOWS\System32\PSAPI.DLL
0x00007ffba1e70000 - 0x00007ffba1e79000 	C:\WINDOWS\SYSTEM32\WSOCK32.dll
0x00007ffba6060000 - 0x00007ffba6083000 	C:\WINDOWS\SYSTEM32\WINMM.dll
0x00007ffba4990000 - 0x00007ffba499a000 	C:\WINDOWS\SYSTEM32\VERSION.dll
0x00007ffbab5d0000 - 0x00007ffbab63a000 	C:\WINDOWS\System32\WS2_32.dll
0x0000000001850000 - 0x000000000187b000 	C:\WINDOWS\SYSTEM32\WINMMBASE.dll
0x00007ffba8660000 - 0x00007ffba86a2000 	C:\WINDOWS\System32\cfgmgr32.dll
0x0000000074370000 - 0x000000007437f000 	C:\Program Files\Java\jre1.8.0_101\bin\verify.dll
0x0000000074340000 - 0x0000000074369000 	C:\Program Files\Java\jre1.8.0_101\bin\java.dll
0x0000000074320000 - 0x0000000074336000 	C:\Program Files\Java\jre1.8.0_101\bin\zip.dll
0x00007ffba9240000 - 0x00007ffbaa749000 	C:\WINDOWS\System32\SHELL32.dll
0x00007ffba7e30000 - 0x00007ffba850a000 	C:\WINDOWS\System32\windows.storage.dll
0x00007ffba7bd0000 - 0x00007ffba7c1c000 	C:\WINDOWS\System32\powrprof.dll
0x00007ffbaab80000 - 0x00007ffbaabd2000 	C:\WINDOWS\System32\shlwapi.dll
0x00007ffba7c20000 - 0x00007ffba7c2f000 	C:\WINDOWS\System32\kernel.appcore.dll
0x00007ffba8840000 - 0x00007ffba88e9000 	C:\WINDOWS\System32\shcore.dll
0x00007ffba7c40000 - 0x00007ffba7c54000 	C:\WINDOWS\System32\profapi.dll
0x0000000065580000 - 0x0000000065616000 	C:\Users\Bertrand\AppData\Local\Temp\libgdxBertrand\d93d1616\gdx64.dll
0x00007ffba76a0000 - 0x00007ffba76b7000 	C:\WINDOWS\SYSTEM32\CRYPTSP.dll
0x00007ffba75b0000 - 0x00007ffba75e3000 	C:\WINDOWS\system32\rsaenh.dll
0x00007ffba7b10000 - 0x00007ffba7b3b000 	C:\WINDOWS\SYSTEM32\bcrypt.dll
0x00007ffba72b0000 - 0x00007ffba72cf000 	C:\WINDOWS\SYSTEM32\USERENV.dll
0x00007ffba76c0000 - 0x00007ffba76cb000 	C:\WINDOWS\SYSTEM32\CRYPTBASE.dll
0x0000000074300000 - 0x000000007431a000 	C:\Program Files\Java\jre1.8.0_101\bin\net.dll
0x00007ffba7430000 - 0x00007ffba748c000 	C:\WINDOWS\system32\mswsock.dll
0x00007ffba7160000 - 0x00007ffba7198000 	C:\WINDOWS\SYSTEM32\IPHLPAPI.DLL
0x00007ffba8f40000 - 0x00007ffba8f48000 	C:\WINDOWS\System32\NSI.dll
0x00007ffba3f90000 - 0x00007ffba3fa6000 	C:\WINDOWS\SYSTEM32\dhcpcsvc6.DLL
0x00007ffba4100000 - 0x00007ffba411a000 	C:\WINDOWS\SYSTEM32\dhcpcsvc.DLL
0x00000000742e0000 - 0x00000000742f1000 	C:\Program Files\Java\jre1.8.0_101\bin\nio.dll
0x0000000180000000 - 0x0000000180053000 	C:\Users\Bertrand\AppData\Local\Temp\libgdxBertrand\dc0f0009\lwjgl64.dll
0x00007ffb85190000 - 0x00007ffb852b3000 	C:\WINDOWS\SYSTEM32\OPENGL32.dll
0x00007ffba0340000 - 0x00007ffba036d000 	C:\WINDOWS\SYSTEM32\GLU32.dll
0x00007ffb84ba0000 - 0x00007ffb84c97000 	C:\WINDOWS\SYSTEM32\DDRAW.dll
0x00007ffba2320000 - 0x00007ffba2328000 	C:\WINDOWS\SYSTEM32\DCIMAN32.dll
0x000000001fe50000 - 0x000000001feb4000 	C:\Users\Bertrand\AppData\Local\Temp\libgdxBertrand\dc0f0009\OpenAL64.dll
0x00007ffbaad70000 - 0x00007ffbaaea7000 	C:\WINDOWS\System32\ole32.dll
0x00007ffba6360000 - 0x00007ffba63f5000 	C:\WINDOWS\system32\uxtheme.dll
0x00007ffba9000000 - 0x00007ffba909f000 	C:\WINDOWS\System32\clbcatq.dll
0x00007ffba56d0000 - 0x00007ffba5855000 	C:\WINDOWS\System32\PROPSYS.dll
0x00007ffbaa750000 - 0x00007ffbaa80f000 	C:\WINDOWS\System32\OLEAUT32.dll
0x00007ffba85c0000 - 0x00007ffba865c000 	C:\WINDOWS\System32\msvcp_win.dll
0x00007ffb93ec0000 - 0x00007ffb93f5b000 	C:\WINDOWS\SYSTEM32\dsound.dll
0x00007ffba07c0000 - 0x00007ffba0831000 	C:\WINDOWS\System32\MMDevApi.dll
0x00007ffba6810000 - 0x00007ffba6838000 	C:\WINDOWS\System32\DEVOBJ.dll
0x00007ffb90720000 - 0x00007ffb907b4000 	C:\WINDOWS\SYSTEM32\AUDIOSES.DLL
0x00007ffba52f0000 - 0x00007ffba5426000 	C:\WINDOWS\SYSTEM32\wintypes.dll
0x00007ffbaa810000 - 0x00007ffbaa96b000 	C:\WINDOWS\System32\MSCTF.dll
0x00007ffba58e0000 - 0x00007ffba5906000 	C:\WINDOWS\system32\dwmapi.dll
0x0000000072430000 - 0x000000007429c000 	C:\WINDOWS\SYSTEM32\nvoglv64.DLL
0x00007ffbaaeb0000 - 0x00007ffbab2d9000 	C:\WINDOWS\System32\SETUPAPI.dll
0x00007ffba56b0000 - 0x00007ffba56c3000 	C:\WINDOWS\SYSTEM32\WTSAPI32.dll
0x00007ffba0620000 - 0x00007ffba07b2000 	C:\WINDOWS\SYSTEM32\dbghelp.dll
0x00007ffba8ca0000 - 0x00007ffba8cf5000 	C:\WINDOWS\System32\WINTRUST.dll
0x00007ffba7c30000 - 0x00007ffba7c40000 	C:\WINDOWS\System32\MSASN1.dll
0x00007ffba7c60000 - 0x00007ffba7e29000 	C:\WINDOWS\System32\CRYPT32.dll
0x00007ffba6f80000 - 0x00007ffba6fb2000 	C:\WINDOWS\SYSTEM32\ntmarta.dll
0x00007ffba2140000 - 0x00007ffba21d1000 	C:\WINDOWS\SYSTEM32\mscms.dll
0x00007ffb84b50000 - 0x00007ffb84b92000 	C:\WINDOWS\SYSTEM32\icm32.dll
0x00007ffba7240000 - 0x00007ffba7296000 	C:\WINDOWS\SYSTEM32\WINSTA.dll
0x0000000066bc0000 - 0x0000000066c7b000 	C:\Users\Bertrand\AppData\Local\Temp\libgdxBertrand\78ae3bb2\gdx-box2d64.dll

VM Arguments:
jvm_args: -Dfile.encoding=Cp1252 
java_command: com.slime.labyrinth.desktop.DesktopLauncher
java_class_path (initial): E:\DEV\workspace\SlimeLabyrinth\desktop\bin;C:\Users\Bertrand\.gradle\caches\modules-2\files-2.1\com.badlogicgames.gdx\gdx-backend-lwjgl\1.6.5\3b435f75bbc525be3d6aba5a2ae888a20e65c9ca\gdx-backend-lwjgl-1.6.5.jar;C:\Users\Bertrand\.gradle\caches\modules-2\files-2.1\com.badlogicgames.gdx\gdx-box2d-platform\1.6.5\57a4b297f467f98904fb210733bb0eb11576421f\gdx-box2d-platform-1.6.5-natives-desktop.jar;C:\Users\Bertrand\.gradle\caches\modules-2\files-2.1\com.badlogicgames.gdx\gdx-bullet-platform\1.6.5\5654125b7635b68efb1f49241caabc9a45add217\gdx-bullet-platform-1.6.5-natives-desktop.jar;C:\Users\Bertrand\.gradle\caches\modules-2\files-2.1\com.badlogicgames.gdx\gdx-bullet\1.6.5\eedc0a26b29434b7ed4e9fc6256dc86c4b2e1814\gdx-bullet-1.6.5.jar;C:\Users\Bertrand\.gradle\caches\modules-2\files-2.1\com.badlogicgames.gdx\gdx-platform\1.6.5\e36705dc77ff6d585be5f7c78f85fe94ea278d7a\gdx-platform-1.6.5-natives-desktop.jar;C:\Users\Bertrand\.gradle\caches\modules-2\files-2.1\com.badlogicgames.gdx\gdx\1.6.5\b56ebcc34d39c4bb0a828c5ed04f46a04314bb4d\gdx-1.6.5.jar;C:\Users\Bertrand\.gradle\caches\modules-2\files-2.1\com.badlogicgames.jlayer\jlayer\1.0.1-gdx\7cca83cec5c1b2f011362f4d85aabd71a73b049d\jlayer-1.0.1-gdx.jar;C:\Users\Bertrand\.gradle\caches\modules-2\files-2.1\net.java.jinput\jinput-platform\2.0.5\385ee093e01f587f30ee1c8a2ee7d408fd732e16\jinput-platform-2.0.5-natives-windows.jar;C:\Users\Bertrand\.gradle\caches\modules-2\files-2.1\net.java.jinput\jinput-platform\2.0.5\53f9c919f34d2ca9de8c51fc4e1e8282029a9232\jinput-platform-2.0.5-natives-osx.jar;C:\Users\Bertrand\.gradle\caches\modules-2\files-2.1\net.java.jinput\jinput-platform\2.0.5\7ff832a6eb9ab6a767f1ade2b548092d0fa64795\jinput-platform-2.0.5-natives-linux.jar;C:\Users\Bertrand\.gradle\caches\modules-2\files-2.1\net.java.jinput\jinput\2.0.5\39c7796b469a600f72380316f6b1f11db6c2c7c4\jinput-2.0.5.jar;C:\Users\Bertrand\.gradle\caches\modules-2\files-2.1\net.java.jutils\jutils\1.0.0\e12fe1fda814bd348c1579
Launcher Type: SUN_STANDARD

Environment Variables:
PATH=C:/Program Files/Java/jre1.8.0_101/bin/server;C:/Program Files/Java/jre1.8.0_101/bin;C:/Program Files/Java/jre1.8.0_101/lib/amd64;E:\DEV\android_SDK;C:\ProgramData\Oracle\Java\javapath;C:\Program Files (x86)\Intel\iCLS Client\;C:\Program Files\Intel\iCLS Client\;C:\Program Files (x86)\NVIDIA Corporation\PhysX\Common;C:\WINDOWS\system32;C:\WINDOWS;C:\WINDOWS\System32\Wbem;C:\WINDOWS\System32\WindowsPowerShell\v1.0\;C:\Program Files\Intel\WiFi\bin\;C:\Program Files\Common Files\Intel\WirelessCommon\;C:\Program Files\Intel\Intel(R) Management Engine Components\DAL;C:\Program Files\Intel\Intel(R) Management Engine Components\IPT;C:\Program Files (x86)\Intel\Intel(R) Management Engine Components\DAL;C:\Program Files (x86)\Intel\Intel(R) Management Engine Components\IPT;C:\Program Files (x86)\Skype\Phone\;C:\Program Files\Git\cmd;C:\Program Files\nodejs\;C:\Users\Bertrand\AppData\Local\atom\bin;C:\Users\Bertrand\AppData\Roaming\npm;%USERPROFILE%\AppData\Local\Microsoft\WindowsApps;;E:\DEV\eclipse-java-mars-R-win32-x86_64\eclipse;
USERNAME=Bertrand
OS=Windows_NT
PROCESSOR_IDENTIFIER=Intel64 Family 6 Model 60 Stepping 3, GenuineIntel



---------------  S Y S T E M  ---------------

OS: Windows 10.0 , 64 bit Build 14393 (10.0.14393.0)

CPU:total 8 (4 cores per cpu, 2 threads per core) family 6 model 60 stepping 3, cmov, cx8, fxsr, mmx, sse, sse2, sse3, ssse3, sse4.1, sse4.2, popcnt, avx, avx2, aes, clmul, erms, lzcnt, ht, tsc, tscinvbit, bmi1, bmi2

Memory: 4k page, physical 16725112k(11160292k free), swap 19215480k(12320704k free)

vm_info: Java HotSpot(TM) 64-Bit Server VM (25.101-b13) for windows-amd64 JRE (1.8.0_101-b13), built on Jun 22 2016 01:21:29 by "java_re" with MS VC++ 10.0 (VS2010)

time: Thu Nov 24 15:47:38 2016
elapsed time: 2 seconds (0d 0h 0m 2s)

